Started on Aug 15, 2021, 11:29:21 AM
Started by event from 140.82.115.147 ⇒ https://5acfe9dbc6f2.ngrok.io:8080/github-webhook/ on Sun Aug 15 11:29:21 UTC 2021
Using strategy: Default
[poll] Last Built Revision: Revision d2b7cf24c1f9094ee0ba995a97acf4f8f2b83cb7 (origin/development)
Selected Git installation does not exist. Using Default
The recommended git tool is: NONE
using credential Github_Auth
 > git rev-parse --resolve-git-dir /var/jenkins_home/workspace/Frontend@script/.git # timeout=10
Fetching changes from the remote Git repositories
 > git config remote.origin.url https://github.com/OmarLaz97/Frontend_CICD # timeout=10
Fetching upstream changes from https://github.com/OmarLaz97/Frontend_CICD
 > git --version # timeout=10
 > git --version # 'git version 2.20.1'
using GIT_ASKPASS to set credentials 
 > git fetch --tags --force --progress -- https://github.com/OmarLaz97/Frontend_CICD +refs/heads/*:refs/remotes/origin/* # timeout=10
Polling for changes in
Seen branch in repository origin/development
Seen branch in repository origin/main
Seen 2 remote branches
 > git show-ref --tags -d # timeout=10
 > git log --full-history --no-abbrev --format=raw -M -m d2b7cf24c1f9094ee0ba995a97acf4f8f2b83cb7..95036035f5bb6f333ba069223013e2db9b98a8af # timeout=10
Using strategy: Default
[poll] Last Built Revision: Revision d2b7cf24c1f9094ee0ba995a97acf4f8f2b83cb7 (origin/development)
Selected Git installation does not exist. Using Default
The recommended git tool is: NONE
using credential Github_Auth
 > git rev-parse --resolve-git-dir /var/jenkins_home/workspace/Frontend/.git # timeout=10
Fetching changes from the remote Git repositories
 > git config remote.origin.url https://github.com/OmarLaz97/Frontend_CICD # timeout=10
Fetching upstream changes from https://github.com/OmarLaz97/Frontend_CICD
 > git --version # timeout=10
 > git --version # 'git version 2.20.1'
using GIT_ASKPASS to set credentials 
 > git fetch --tags --force --progress -- https://github.com/OmarLaz97/Frontend_CICD +refs/heads/*:refs/remotes/origin/* # timeout=10
Polling for changes in
Seen branch in repository origin/development
Seen branch in repository origin/main
Seen 2 remote branches
 > git show-ref --tags -d # timeout=10
 > git log --full-history --no-abbrev --format=raw -M -m d2b7cf24c1f9094ee0ba995a97acf4f8f2b83cb7..95036035f5bb6f333ba069223013e2db9b98a8af # timeout=10
Done. Took 4.5 sec
Changes found
