Started on Aug 13, 2021, 9:08:11 PM
Started by event from 140.82.115.154 ⇒ https://96da8e44f1d4.ngrok.io:8080/github-webhook/ on Fri Aug 13 21:08:11 UTC 2021
Using strategy: Default
[poll] Last Built Revision: Revision 73460700a66015499b8a247a2f67a13f7c92cd96 (origin/development)
Selected Git installation does not exist. Using Default
The recommended git tool is: NONE
using credential Github_Auth
 > git rev-parse --resolve-git-dir /var/jenkins_home/workspace/Frontend@script/.git # timeout=10
Fetching changes from the remote Git repositories
 > git config remote.origin.url https://github.com/OmarLaz97/Frontend_CICD # timeout=10
Fetching upstream changes from https://github.com/OmarLaz97/Frontend_CICD
 > git --version # timeout=10
 > git --version # 'git version 2.20.1'
using GIT_ASKPASS to set credentials 
 > git fetch --tags --force --progress -- https://github.com/OmarLaz97/Frontend_CICD +refs/heads/*:refs/remotes/origin/* # timeout=10
Polling for changes in
Seen branch in repository origin/development
Seen branch in repository origin/main
Seen 2 remote branches
 > git show-ref --tags -d # timeout=10
 > git log --full-history --no-abbrev --format=raw -M -m 73460700a66015499b8a247a2f67a13f7c92cd96..64de2fa72612ce877f92d84e68c1f9904501ff5b # timeout=10
Using strategy: Default
[poll] Last Built Revision: Revision 73460700a66015499b8a247a2f67a13f7c92cd96 (origin/development)
Selected Git installation does not exist. Using Default
The recommended git tool is: NONE
using credential Github_Auth
 > git rev-parse --resolve-git-dir /var/jenkins_home/workspace/Frontend/.git # timeout=10
Fetching changes from the remote Git repositories
 > git config remote.origin.url https://github.com/OmarLaz97/Frontend_CICD # timeout=10
Fetching upstream changes from https://github.com/OmarLaz97/Frontend_CICD
 > git --version # timeout=10
 > git --version # 'git version 2.20.1'
using GIT_ASKPASS to set credentials 
 > git fetch --tags --force --progress -- https://github.com/OmarLaz97/Frontend_CICD +refs/heads/*:refs/remotes/origin/* # timeout=10
Polling for changes in
Seen branch in repository origin/development
Seen branch in repository origin/main
Seen 2 remote branches
 > git show-ref --tags -d # timeout=10
 > git log --full-history --no-abbrev --format=raw -M -m 73460700a66015499b8a247a2f67a13f7c92cd96..64de2fa72612ce877f92d84e68c1f9904501ff5b # timeout=10
Done. Took 6.5 sec
Changes found
