Started at Sun Aug 15 00:05:59 UTC 2021
Processing Backend
Offering Backend to Project Build Discarder
Processing CICD
Offering CICD to Project Build Discarder
Processing Frontend
Offering Frontend to Project Build Discarder
Finished at Sun Aug 15 00:05:59 UTC 2021. 81ms
Started at Sun Aug 15 09:56:48 UTC 2021
Processing Backend
Offering Backend to Project Build Discarder
Processing CICD
Offering CICD to Project Build Discarder
Processing Frontend
Offering Frontend to Project Build Discarder
Finished at Sun Aug 15 09:56:48 UTC 2021. 33ms
Started at Sun Aug 15 10:56:43 UTC 2021
Processing Backend
Offering Backend to Project Build Discarder
Processing CICD
Offering CICD to Project Build Discarder
Processing Frontend
Offering Frontend to Project Build Discarder
Finished at Sun Aug 15 10:56:43 UTC 2021. 24ms
Started at Sun Aug 15 11:56:39 UTC 2021
Processing Backend
Offering Backend to Project Build Discarder
Processing CICD
Offering CICD to Project Build Discarder
Processing Frontend
Offering Frontend to Project Build Discarder
Finished at Sun Aug 15 11:56:39 UTC 2021. 32ms
Started at Sun Aug 15 12:56:35 UTC 2021
Processing Backend
Offering Backend to Project Build Discarder
Processing CICD
Offering CICD to Project Build Discarder
Processing Frontend
Offering Frontend to Project Build Discarder
Finished at Sun Aug 15 12:56:35 UTC 2021. 41ms
Started at Sun Aug 15 13:56:31 UTC 2021
Processing Backend
Offering Backend to Project Build Discarder
Processing CICD
Offering CICD to Project Build Discarder
Processing Frontend
Offering Frontend to Project Build Discarder
Finished at Sun Aug 15 13:56:31 UTC 2021. 25ms
